<?xml version="1.0" encoding="UTF-8" ?>
<testsuite failures="0" time="0.004" errors="0" skipped="0" tests="1" name="com.terracotta.sample.AppTest">
  <properties>
    <property name="java.runtime.name" value="Java(TM) SE Runtime Environment"/>
    <property name="sun.boot.library.path" value="/Applications/SoftwareAG/jvm/jvm/jre/lib"/>
    <property name="java.vm.version" value="24.65-b04"/>
    <property name="gopherProxySet" value="false"/>
    <property name="java.vm.vendor" value="Oracle Corporation"/>
    <property name="java.vendor.url" value="http://java.oracle.com/"/>
    <property name="path.separator" value=":"/>
    <property name="guice.disable.misplaced.annotation.check" value="true"/>
    <property name="java.vm.name" value="Java HotSpot(TM) 64-Bit Server VM"/>
    <property name="file.encoding.pkg" value="sun.io"/>
    <property name="user.country" value="US"/>
    <property name="sun.java.launcher" value="SUN_STANDARD"/>
    <property name="sun.os.patch.level" value="unknown"/>
    <property name="java.vm.specification.name" value="Java Virtual Machine Specification"/>
    <property name="user.dir" value="/Users/sgokaram/Documents/Client-POCs/GE/sample/ehcache-sample"/>
    <property name="java.runtime.version" value="1.7.0_65-b17"/>
    <property name="java.awt.graphicsenv" value="sun.awt.CGraphicsEnvironment"/>
    <property name="java.endorsed.dirs" value="/Applications/SoftwareAG/jvm/jvm/jre/lib/endorsed"/>
    <property name="os.arch" value="x86_64"/>
    <property name="java.io.tmpdir" value="/var/folders/p4/cfgcbx612qvdpvbmj5817cw00000gn/T/"/>
    <property name="line.separator" value="
"/>
    <property name="java.vm.specification.vendor" value="Oracle Corporation"/>
    <property name="os.name" value="Mac OS X"/>
    <property name="classworlds.conf" value="/Applications/apache-maven-3.2.1/bin/m2.conf"/>
    <property name="sun.jnu.encoding" value="UTF-8"/>
    <property name="java.library.path" value="/opt/cloudera/impalaodbc/lib/universal:/Users/sgokaram/Library/Java/Extensions:/Library/Java/Extensions:/Network/Library/Java/Extensions:/System/Library/Java/Extensions:/usr/lib/java:."/>
    <property name="java.specification.name" value="Java Platform API Specification"/>
    <property name="java.class.version" value="51.0"/>
    <property name="sun.management.compiler" value="HotSpot 64-Bit Tiered Compilers"/>
    <property name="os.version" value="10.9.5"/>
    <property name="http.nonProxyHosts" value="local|*.local|169.254/16|*.169.254/16|10.0.0.0/21|*.10.0.0.0/21|10.1.128.0/24|*.10.1.128.0/24|10.1.0.0/17|*.10.1.0.0/17|10.2.0.0/21|*.10.2.0.0/21|10.3.3.171/32|*.10.3.3.171/32|10.4.1.0/24|*.10.4.1.0/24|10.16.0.0/19|*.10.16.0.0/19|10.22.0.0/16|*.10.22.0.0/16|10.20.0.0/15|*.10.20.0.0/15|10.23.16.0/20|*.10.23.16.0/20|10.24.16.0/20|*.10.24.16.0/20|10.26.16.0/20|*.10.26.16.0/20|10.27.16.0/20|*.10.27.16.0/20|10.28.16.0/20|*.10.28.16.0/20|10.29.16.0/20|*.10.29.16.0/20|10.30.0.0/18|*.10.30.0.0/18|10.31.32.0/20|*.10.31.32.0/20|10.31.0.0/19|*.10.31.0.0/19|10.32.0.0/19|*.10.32.0.0/19|10.33.16.0/20|*.10.33.16.0/20|10.34.16.0/20|*.10.34.16.0/20|10.34.64.0/20|*.10.34.64.0/20|10.35.16.0/20|*.10.35.16.0/20|10.36.16.0/20|*.10.36.16.0/20|10.36.32.0/20|*.10.36.32.0/20|10.37.64.0/20|*.10.37.64.0/20|10.37.112.0/20|*.10.37.112.0/20|10.38.16.0/20|*.10.38.16.0/20|10.39.16.0/20|*.10.39.16.0/20|10.40.16.0/20|*.10.40.16.0/20|10.41.16.0/20|*.10.41.16.0/20|10.42.0.0/18|*.10.42.0.0/18|10.42.80.0/20|*.10.42.80.0/20|10.42.96.0/20|*.10.42.96.0/20|10.42.128.0/20|*.10.42.128.0/20|10.43.0.0/17|*.10.43.0.0/17|10.47.16.0/20|*.10.47.16.0/20|10.48.16.0/20|*.10.48.16.0/20|10.48.48.0/20|*.10.48.48.0/20|10.52.16.0/20|*.10.52.16.0/20|10.52.64.0/18|*.10.52.64.0/18|10.53.16.0/20|*.10.53.16.0/20|10.53.32.0/21|*.10.53.32.0/21|10.56.0.0/16|*.10.56.0.0/16|10.57.16.0/20|*.10.57.16.0/20|10.58.0.0/19|*.10.58.0.0/19|10.59.16.0/20|*.10.59.16.0/20|10.60.0.0/18|*.10.60.0.0/18|10.60.80.0/20|*.10.60.80.0/20|10.60.96.0/19|*.10.60.96.0/19|10.60.128.0/20|*.10.60.128.0/20|10.61.10.0/24|*.10.61.10.0/24|10.64.16.0/20|*.10.64.16.0/20|10.65.0.0/16|*.10.65.0.0/16|10.66.16.0/20|*.10.66.16.0/20|10.66.32.0/20|*.10.66.32.0/20|10.68.16.0/20|*.10.68.16.0/20|10.72.0.0/18|*.10.72.0.0/18|10.73.0.0/18|*.10.73.0.0/18|10.74.16.0/20|*.10.74.16.0/20|10.80.16.0/20|*.10.80.16.0/20|10.100.20.0/22|*.10.100.20.0/22|10.127.0.0/16|*.10.127.0.0/16|10.132.0.0/17|*.10.132.0.0/17|10.128.0.0/14|*.10.128.0.0/14|10.134.0.0/16|*.10.134.0.0/16|10.136.0.0/15|*.10.136.0.0/15|10.140.1.0/24|*.10.140.1.0/24|10.140.8.0/23|*.10.140.8.0/23|10.140.12.0/23|*.10.140.12.0/23|10.140.40.0/22|*.10.140.40.0/22|10.140.56.0/22|*.10.140.56.0/22|10.160.0.0/11|*.10.160.0.0/11|10.192.0.0/10|*.10.192.0.0/10|53.64.0.0/11|*.53.64.0.0/11|53.0.0.0/10|*.53.0.0.0/10|62.153.250.192/27|*.62.153.250.192/27|91.195.104.64/27|*.91.195.104.64/27|91.195.105.94/32|*.91.195.105.94/32|122.181.160.40/29|*.122.181.160.40/29|157.189.16.240/29|*.157.189.16.240/29|157.189.192.86/32|*.157.189.192.86/32|157.189.197.192/26|*.157.189.197.192/26|172.16.13.0/24|*.172.16.13.0/24|172.16.14.0/24|*.172.16.14.0/24|172.20.128.0/17|*.172.20.128.0/17|172.24.1.0/24|*.172.24.1.0/24|172.24.2.0/24|*.172.24.2.0/24|172.24.49.49/32|*.172.24.49.49/32|172.24.74.0/24|*.172.24.74.0/24|172.26.66.0/24|*.172.26.66.0/24|172.30.0.0/15|*.172.30.0.0/15|192.168.13.0/24|*.192.168.13.0/24|192.168.14.0/24|*.192.168.14.0/24|192.168.97.0/24|*.192.168.97.0/24|192.168.99.0/24|*.192.168.99.0/24|192.168.128.0/24|*.192.168.128.0/24|192.168.135.0/24|*.192.168.135.0/24|192.168.136.0/24|*.192.168.136.0/24|192.168.141.0/24|*.192.168.141.0/24|192.168.204.0/24|*.192.168.204.0/24|192.168.200.0/22|*.192.168.200.0/22|192.168.206.0/24|*.192.168.206.0/24|192.168.208.0/24|*.192.168.208.0/24|192.168.210.0/24|*.192.168.210.0/24|192.168.224.0/24|*.192.168.224.0/24|192.168.229.0/25|*.192.168.229.0/25|193.22.109.0/24|*.193.22.109.0/24|193.26.192.0/26|*.193.26.192.0/26|193.26.192.96/27|*.193.26.192.96/27|193.26.196.0/27|*.193.26.196.0/27|193.26.196.128/26|*.193.26.196.128/26|193.26.197.0/25|*.193.26.197.0/25|193.26.197.132/32|*.193.26.197.132/32|193.26.197.206/31|*.193.26.197.206/31|193.26.197.208/30|*.193.26.197.208/30|193.26.197.219/32|*.193.26.197.219/32|193.26.197.220/30|*.193.26.197.220/30|193.102.226.0/25|*.193.102.226.0/25|193.141.181.160/28|*.193.141.181.160/28|193.141.181.240/28|*.193.141.181.240/28|193.176.59.112/32|*.193.176.59.112/32|195.20.210.128/25|*.195.20.210.128/25"/>
    <property name="user.home" value="/Users/sgokaram"/>
    <property name="user.timezone" value="America/New_York"/>
    <property name="java.awt.printerjob" value="sun.lwawt.macosx.CPrinterJob"/>
    <property name="java.specification.version" value="1.7"/>
    <property name="file.encoding" value="UTF-8"/>
    <property name="user.name" value="sgokaram"/>
    <property name="java.class.path" value="/Applications/apache-maven-3.2.1/boot/plexus-classworlds-2.5.1.jar"/>
    <property name="org.slf4j.simpleLogger.defaultLogLevel" value="info"/>
    <property name="java.vm.specification.version" value="1.7"/>
    <property name="sun.arch.data.model" value="64"/>
    <property name="java.home" value="/Applications/SoftwareAG/jvm/jvm/jre"/>
    <property name="sun.java.command" value="org.codehaus.plexus.classworlds.launcher.Launcher clean install"/>
    <property name="java.specification.vendor" value="Oracle Corporation"/>
    <property name="user.language" value="en"/>
    <property name="awt.toolkit" value="sun.lwawt.macosx.LWCToolkit"/>
    <property name="java.vm.info" value="mixed mode"/>
    <property name="java.version" value="1.7.0_65"/>
    <property name="java.ext.dirs" value="/Users/sgokaram/Library/Java/Extensions:/Applications/SoftwareAG/jvm/jvm/jre/lib/ext:/Library/Java/Extensions:/Network/Library/Java/Extensions:/System/Library/Java/Extensions:/usr/lib/java"/>
    <property name="sun.boot.class.path" value="/Applications/SoftwareAG/jvm/jvm/jre/lib/resources.jar:/Applications/SoftwareAG/jvm/jvm/jre/lib/rt.jar:/Applications/SoftwareAG/jvm/jvm/jre/lib/sunrsasign.jar:/Applications/SoftwareAG/jvm/jvm/jre/lib/jsse.jar:/Applications/SoftwareAG/jvm/jvm/jre/lib/jce.jar:/Applications/SoftwareAG/jvm/jvm/jre/lib/charsets.jar:/Applications/SoftwareAG/jvm/jvm/jre/lib/jfr.jar:/Applications/SoftwareAG/jvm/jvm/jre/classes"/>
    <property name="java.vendor" value="Oracle Corporation"/>
    <property name="maven.home" value="/Applications/apache-maven-3.2.1"/>
    <property name="file.separator" value="/"/>
    <property name="java.vendor.url.bug" value="http://bugreport.sun.com/bugreport/"/>
    <property name="sun.cpu.endian" value="little"/>
    <property name="sun.io.unicode.encoding" value="UnicodeBig"/>
    <property name="socksNonProxyHosts" value="local|*.local|169.254/16|*.169.254/16|10.0.0.0/21|*.10.0.0.0/21|10.1.128.0/24|*.10.1.128.0/24|10.1.0.0/17|*.10.1.0.0/17|10.2.0.0/21|*.10.2.0.0/21|10.3.3.171/32|*.10.3.3.171/32|10.4.1.0/24|*.10.4.1.0/24|10.16.0.0/19|*.10.16.0.0/19|10.22.0.0/16|*.10.22.0.0/16|10.20.0.0/15|*.10.20.0.0/15|10.23.16.0/20|*.10.23.16.0/20|10.24.16.0/20|*.10.24.16.0/20|10.26.16.0/20|*.10.26.16.0/20|10.27.16.0/20|*.10.27.16.0/20|10.28.16.0/20|*.10.28.16.0/20|10.29.16.0/20|*.10.29.16.0/20|10.30.0.0/18|*.10.30.0.0/18|10.31.32.0/20|*.10.31.32.0/20|10.31.0.0/19|*.10.31.0.0/19|10.32.0.0/19|*.10.32.0.0/19|10.33.16.0/20|*.10.33.16.0/20|10.34.16.0/20|*.10.34.16.0/20|10.34.64.0/20|*.10.34.64.0/20|10.35.16.0/20|*.10.35.16.0/20|10.36.16.0/20|*.10.36.16.0/20|10.36.32.0/20|*.10.36.32.0/20|10.37.64.0/20|*.10.37.64.0/20|10.37.112.0/20|*.10.37.112.0/20|10.38.16.0/20|*.10.38.16.0/20|10.39.16.0/20|*.10.39.16.0/20|10.40.16.0/20|*.10.40.16.0/20|10.41.16.0/20|*.10.41.16.0/20|10.42.0.0/18|*.10.42.0.0/18|10.42.80.0/20|*.10.42.80.0/20|10.42.96.0/20|*.10.42.96.0/20|10.42.128.0/20|*.10.42.128.0/20|10.43.0.0/17|*.10.43.0.0/17|10.47.16.0/20|*.10.47.16.0/20|10.48.16.0/20|*.10.48.16.0/20|10.48.48.0/20|*.10.48.48.0/20|10.52.16.0/20|*.10.52.16.0/20|10.52.64.0/18|*.10.52.64.0/18|10.53.16.0/20|*.10.53.16.0/20|10.53.32.0/21|*.10.53.32.0/21|10.56.0.0/16|*.10.56.0.0/16|10.57.16.0/20|*.10.57.16.0/20|10.58.0.0/19|*.10.58.0.0/19|10.59.16.0/20|*.10.59.16.0/20|10.60.0.0/18|*.10.60.0.0/18|10.60.80.0/20|*.10.60.80.0/20|10.60.96.0/19|*.10.60.96.0/19|10.60.128.0/20|*.10.60.128.0/20|10.61.10.0/24|*.10.61.10.0/24|10.64.16.0/20|*.10.64.16.0/20|10.65.0.0/16|*.10.65.0.0/16|10.66.16.0/20|*.10.66.16.0/20|10.66.32.0/20|*.10.66.32.0/20|10.68.16.0/20|*.10.68.16.0/20|10.72.0.0/18|*.10.72.0.0/18|10.73.0.0/18|*.10.73.0.0/18|10.74.16.0/20|*.10.74.16.0/20|10.80.16.0/20|*.10.80.16.0/20|10.100.20.0/22|*.10.100.20.0/22|10.127.0.0/16|*.10.127.0.0/16|10.132.0.0/17|*.10.132.0.0/17|10.128.0.0/14|*.10.128.0.0/14|10.134.0.0/16|*.10.134.0.0/16|10.136.0.0/15|*.10.136.0.0/15|10.140.1.0/24|*.10.140.1.0/24|10.140.8.0/23|*.10.140.8.0/23|10.140.12.0/23|*.10.140.12.0/23|10.140.40.0/22|*.10.140.40.0/22|10.140.56.0/22|*.10.140.56.0/22|10.160.0.0/11|*.10.160.0.0/11|10.192.0.0/10|*.10.192.0.0/10|53.64.0.0/11|*.53.64.0.0/11|53.0.0.0/10|*.53.0.0.0/10|62.153.250.192/27|*.62.153.250.192/27|91.195.104.64/27|*.91.195.104.64/27|91.195.105.94/32|*.91.195.105.94/32|122.181.160.40/29|*.122.181.160.40/29|157.189.16.240/29|*.157.189.16.240/29|157.189.192.86/32|*.157.189.192.86/32|157.189.197.192/26|*.157.189.197.192/26|172.16.13.0/24|*.172.16.13.0/24|172.16.14.0/24|*.172.16.14.0/24|172.20.128.0/17|*.172.20.128.0/17|172.24.1.0/24|*.172.24.1.0/24|172.24.2.0/24|*.172.24.2.0/24|172.24.49.49/32|*.172.24.49.49/32|172.24.74.0/24|*.172.24.74.0/24|172.26.66.0/24|*.172.26.66.0/24|172.30.0.0/15|*.172.30.0.0/15|192.168.13.0/24|*.192.168.13.0/24|192.168.14.0/24|*.192.168.14.0/24|192.168.97.0/24|*.192.168.97.0/24|192.168.99.0/24|*.192.168.99.0/24|192.168.128.0/24|*.192.168.128.0/24|192.168.135.0/24|*.192.168.135.0/24|192.168.136.0/24|*.192.168.136.0/24|192.168.141.0/24|*.192.168.141.0/24|192.168.204.0/24|*.192.168.204.0/24|192.168.200.0/22|*.192.168.200.0/22|192.168.206.0/24|*.192.168.206.0/24|192.168.208.0/24|*.192.168.208.0/24|192.168.210.0/24|*.192.168.210.0/24|192.168.224.0/24|*.192.168.224.0/24|192.168.229.0/25|*.192.168.229.0/25|193.22.109.0/24|*.193.22.109.0/24|193.26.192.0/26|*.193.26.192.0/26|193.26.192.96/27|*.193.26.192.96/27|193.26.196.0/27|*.193.26.196.0/27|193.26.196.128/26|*.193.26.196.128/26|193.26.197.0/25|*.193.26.197.0/25|193.26.197.132/32|*.193.26.197.132/32|193.26.197.206/31|*.193.26.197.206/31|193.26.197.208/30|*.193.26.197.208/30|193.26.197.219/32|*.193.26.197.219/32|193.26.197.220/30|*.193.26.197.220/30|193.102.226.0/25|*.193.102.226.0/25|193.141.181.160/28|*.193.141.181.160/28|193.141.181.240/28|*.193.141.181.240/28|193.176.59.112/32|*.193.176.59.112/32|195.20.210.128/25|*.195.20.210.128/25"/>
    <property name="ftp.nonProxyHosts" value="local|*.local|169.254/16|*.169.254/16|10.0.0.0/21|*.10.0.0.0/21|10.1.128.0/24|*.10.1.128.0/24|10.1.0.0/17|*.10.1.0.0/17|10.2.0.0/21|*.10.2.0.0/21|10.3.3.171/32|*.10.3.3.171/32|10.4.1.0/24|*.10.4.1.0/24|10.16.0.0/19|*.10.16.0.0/19|10.22.0.0/16|*.10.22.0.0/16|10.20.0.0/15|*.10.20.0.0/15|10.23.16.0/20|*.10.23.16.0/20|10.24.16.0/20|*.10.24.16.0/20|10.26.16.0/20|*.10.26.16.0/20|10.27.16.0/20|*.10.27.16.0/20|10.28.16.0/20|*.10.28.16.0/20|10.29.16.0/20|*.10.29.16.0/20|10.30.0.0/18|*.10.30.0.0/18|10.31.32.0/20|*.10.31.32.0/20|10.31.0.0/19|*.10.31.0.0/19|10.32.0.0/19|*.10.32.0.0/19|10.33.16.0/20|*.10.33.16.0/20|10.34.16.0/20|*.10.34.16.0/20|10.34.64.0/20|*.10.34.64.0/20|10.35.16.0/20|*.10.35.16.0/20|10.36.16.0/20|*.10.36.16.0/20|10.36.32.0/20|*.10.36.32.0/20|10.37.64.0/20|*.10.37.64.0/20|10.37.112.0/20|*.10.37.112.0/20|10.38.16.0/20|*.10.38.16.0/20|10.39.16.0/20|*.10.39.16.0/20|10.40.16.0/20|*.10.40.16.0/20|10.41.16.0/20|*.10.41.16.0/20|10.42.0.0/18|*.10.42.0.0/18|10.42.80.0/20|*.10.42.80.0/20|10.42.96.0/20|*.10.42.96.0/20|10.42.128.0/20|*.10.42.128.0/20|10.43.0.0/17|*.10.43.0.0/17|10.47.16.0/20|*.10.47.16.0/20|10.48.16.0/20|*.10.48.16.0/20|10.48.48.0/20|*.10.48.48.0/20|10.52.16.0/20|*.10.52.16.0/20|10.52.64.0/18|*.10.52.64.0/18|10.53.16.0/20|*.10.53.16.0/20|10.53.32.0/21|*.10.53.32.0/21|10.56.0.0/16|*.10.56.0.0/16|10.57.16.0/20|*.10.57.16.0/20|10.58.0.0/19|*.10.58.0.0/19|10.59.16.0/20|*.10.59.16.0/20|10.60.0.0/18|*.10.60.0.0/18|10.60.80.0/20|*.10.60.80.0/20|10.60.96.0/19|*.10.60.96.0/19|10.60.128.0/20|*.10.60.128.0/20|10.61.10.0/24|*.10.61.10.0/24|10.64.16.0/20|*.10.64.16.0/20|10.65.0.0/16|*.10.65.0.0/16|10.66.16.0/20|*.10.66.16.0/20|10.66.32.0/20|*.10.66.32.0/20|10.68.16.0/20|*.10.68.16.0/20|10.72.0.0/18|*.10.72.0.0/18|10.73.0.0/18|*.10.73.0.0/18|10.74.16.0/20|*.10.74.16.0/20|10.80.16.0/20|*.10.80.16.0/20|10.100.20.0/22|*.10.100.20.0/22|10.127.0.0/16|*.10.127.0.0/16|10.132.0.0/17|*.10.132.0.0/17|10.128.0.0/14|*.10.128.0.0/14|10.134.0.0/16|*.10.134.0.0/16|10.136.0.0/15|*.10.136.0.0/15|10.140.1.0/24|*.10.140.1.0/24|10.140.8.0/23|*.10.140.8.0/23|10.140.12.0/23|*.10.140.12.0/23|10.140.40.0/22|*.10.140.40.0/22|10.140.56.0/22|*.10.140.56.0/22|10.160.0.0/11|*.10.160.0.0/11|10.192.0.0/10|*.10.192.0.0/10|53.64.0.0/11|*.53.64.0.0/11|53.0.0.0/10|*.53.0.0.0/10|62.153.250.192/27|*.62.153.250.192/27|91.195.104.64/27|*.91.195.104.64/27|91.195.105.94/32|*.91.195.105.94/32|122.181.160.40/29|*.122.181.160.40/29|157.189.16.240/29|*.157.189.16.240/29|157.189.192.86/32|*.157.189.192.86/32|157.189.197.192/26|*.157.189.197.192/26|172.16.13.0/24|*.172.16.13.0/24|172.16.14.0/24|*.172.16.14.0/24|172.20.128.0/17|*.172.20.128.0/17|172.24.1.0/24|*.172.24.1.0/24|172.24.2.0/24|*.172.24.2.0/24|172.24.49.49/32|*.172.24.49.49/32|172.24.74.0/24|*.172.24.74.0/24|172.26.66.0/24|*.172.26.66.0/24|172.30.0.0/15|*.172.30.0.0/15|192.168.13.0/24|*.192.168.13.0/24|192.168.14.0/24|*.192.168.14.0/24|192.168.97.0/24|*.192.168.97.0/24|192.168.99.0/24|*.192.168.99.0/24|192.168.128.0/24|*.192.168.128.0/24|192.168.135.0/24|*.192.168.135.0/24|192.168.136.0/24|*.192.168.136.0/24|192.168.141.0/24|*.192.168.141.0/24|192.168.204.0/24|*.192.168.204.0/24|192.168.200.0/22|*.192.168.200.0/22|192.168.206.0/24|*.192.168.206.0/24|192.168.208.0/24|*.192.168.208.0/24|192.168.210.0/24|*.192.168.210.0/24|192.168.224.0/24|*.192.168.224.0/24|192.168.229.0/25|*.192.168.229.0/25|193.22.109.0/24|*.193.22.109.0/24|193.26.192.0/26|*.193.26.192.0/26|193.26.192.96/27|*.193.26.192.96/27|193.26.196.0/27|*.193.26.196.0/27|193.26.196.128/26|*.193.26.196.128/26|193.26.197.0/25|*.193.26.197.0/25|193.26.197.132/32|*.193.26.197.132/32|193.26.197.206/31|*.193.26.197.206/31|193.26.197.208/30|*.193.26.197.208/30|193.26.197.219/32|*.193.26.197.219/32|193.26.197.220/30|*.193.26.197.220/30|193.102.226.0/25|*.193.102.226.0/25|193.141.181.160/28|*.193.141.181.160/28|193.141.181.240/28|*.193.141.181.240/28|193.176.59.112/32|*.193.176.59.112/32|195.20.210.128/25|*.195.20.210.128/25"/>
    <property name="sun.cpu.isalist" value=""/>
  </properties>
  <testcase time="0.004" classname="com.terracotta.sample.AppTest" name="testApp"/>
</testsuite>